2019/01/17 10:30:07 : INFO [org.springframework.boot.StartupInfoLogger.logStarting(StartupInfoLogger.java:48)] Starting ProcessApplication v0.0.1-SNAPSHOT on ZZS20170222I with PID 9404 (E:\bqclientzx\process\target\process-0.0.1-SNAPSHOT.jar started by Administrator in E:\bqclientzx\process\target)
2019/01/17 10:30:07 : INFO [org.springframework.boot.SpringApplication.logStartupProfileInfo(SpringApplication.java:637)] No active profile set, falling back to default profiles: default
2019/01/17 10:30:07 : INFO [org.springframework.context.support.AbstractApplicationContext.prepareRefresh(AbstractApplicationContext.java:582)] Refreshing org.springframework.boot.context.embedded.AnnotationConfigEmbeddedWebApplicationContext@579bb367: startup date [Thu Jan 17 10:30:07 CST 2019]; root of context hierarchy
2019/01/17 10:30:08 : INFO [org.hibernate.validator.internal.util.Version.<clinit>(Version.java:30)] HV000001: Hibernate Validator 5.3.4.Final
2019/01/17 10:30:08 : WARN [tk.mybatis.spring.mapper.ClassPathMapperScanner.doScan(ClassPathMapperScanner.java:142)] No MyBatis mapper was found in '[com.esa2000.process]' package. Please check your configuration.
2019/01/17 10:30:08 : WARN [org.mybatis.spring.mapper.ClassPathMapperScanner.doScan(ClassPathMapperScanner.java:166)] No MyBatis mapper was found in '[com.esa2000.process]' package. Please check your configuration.
2019/01/17 10:30:08 : WARN [org.springframework.context.annotation.ConfigurationClassPostProcessor.enhanceConfigurationClasses(ConfigurationClassPostProcessor.java:373)] Cannot enhance @Configuration bean definition 'myBatisMapperScannerConfig' since its singleton instance has been created too early. The typical cause is a non-static @Bean method with a BeanDefinitionRegistryPostProcessor return type: Consider declaring such methods as 'static'.
2019/01/17 10:30:09 : INFO [org.springframework.context.support.PostProcessorRegistrationDelegate$BeanPostProcessorChecker.postProcessAfterInitialization(PostProcessorRegistrationDelegate.java:325)] Bean 'org.springframework.transaction.annotation.ProxyTransactionManagementConfiguration' of type [org.springframework.transaction.annotation.ProxyTransactionManagementConfiguration$$EnhancerBySpringCGLIB$$58a42b21] is not eligible for getting processed by all BeanPostProcessors (for example: not eligible for auto-proxying)
2019/01/17 10:30:09 : INFO [org.springframework.boot.context.embedded.tomcat.TomcatEmbeddedServletContainer.initialize(TomcatEmbeddedServletContainer.java:89)] Tomcat initialized with port(s): 8080 (http)
2019/01/17 10:30:09 : INFO [org.springframework.boot.context.embedded.EmbeddedWebApplicationContext.prepareEmbeddedWebApplicationContext(EmbeddedWebApplicationContext.java:276)] Root WebApplicationContext: initialization completed in 2200 ms
2019/01/17 10:30:10 : INFO [org.springframework.boot.web.servlet.ServletRegistrationBean.onStartup(ServletRegistrationBean.java:190)] Mapping servlet: 'dispatcherServlet' to [/]
2019/01/17 10:30:10 : INFO [org.springframework.boot.web.servlet.AbstractFilterRegistrationBean.configure(AbstractFilterRegistrationBean.java:258)] Mapping filter: 'characterEncodingFilter' to: [/*]
2019/01/17 10:30:10 : INFO [org.springframework.boot.web.servlet.AbstractFilterRegistrationBean.configure(AbstractFilterRegistrationBean.java:258)] Mapping filter: 'hiddenHttpMethodFilter' to: [/*]
2019/01/17 10:30:10 : INFO [org.springframework.boot.web.servlet.AbstractFilterRegistrationBean.configure(AbstractFilterRegistrationBean.java:258)] Mapping filter: 'httpPutFormContentFilter' to: [/*]
2019/01/17 10:30:10 : INFO [org.springframework.boot.web.servlet.AbstractFilterRegistrationBean.configure(AbstractFilterRegistrationBean.java:258)] Mapping filter: 'requestContextFilter' to: [/*]
2019/01/17 10:30:12 : INFO [com.esa2000.process.util.securityCert.SignCertSource.<init>(SignCertSource.java:40)] 加载证书成功！
2019/01/17 10:30:12 : INFO [org.springframework.scheduling.concurrent.ExecutorConfigurationSupport.initialize(ExecutorConfigurationSupport.java:165)] Initializing ExecutorService 
2019/01/17 10:30:12 : INFO [org.springframework.scheduling.concurrent.ExecutorConfigurationSupport.initialize(ExecutorConfigurationSupport.java:165)] Initializing ExecutorService  'simpleAsync'
2019/01/17 10:30:12 : INFO [org.springframework.web.servlet.mvc.method.annotation.RequestMappingHandlerAdapter.initControllerAdviceCache(RequestMappingHandlerAdapter.java:534)] Looking for @ControllerAdvice: org.springframework.boot.context.embedded.AnnotationConfigEmbeddedWebApplicationContext@579bb367: startup date [Thu Jan 17 10:30:07 CST 2019]; root of context hierarchy
2019/01/17 10:30:12 : INFO [org.springframework.web.servlet.handler.AbstractHandlerMethodMapping$MappingRegistry.register(AbstractHandlerMethodMapping.java:543)] Mapped "{[/error]}" onto public org.springframework.http.ResponseEntity<java.util.Map<java.lang.String, java.lang.Object>> org.springframework.boot.autoconfigure.web.BasicErrorController.error(javax.servlet.http.HttpServletRequest)
2019/01/17 10:30:12 : INFO [org.springframework.web.servlet.handler.AbstractHandlerMethodMapping$MappingRegistry.register(AbstractHandlerMethodMapping.java:543)] Mapped "{[/error],produces=[text/html]}" onto public org.springframework.web.servlet.ModelAndView org.springframework.boot.autoconfigure.web.BasicErrorController.errorHtml(javax.servlet.http.HttpServletRequest,javax.servlet.http.HttpServletResponse)
2019/01/17 10:30:12 : INFO [org.springframework.web.servlet.handler.AbstractUrlHandlerMapping.registerHandler(AbstractUrlHandlerMapping.java:362)] Mapped URL path [/webjars/**] onto handler of type [class org.springframework.web.servlet.resource.ResourceHttpRequestHandler]
2019/01/17 10:30:12 : INFO [org.springframework.web.servlet.handler.AbstractUrlHandlerMapping.registerHandler(AbstractUrlHandlerMapping.java:362)] Mapped URL path [/**] onto handler of type [class org.springframework.web.servlet.resource.ResourceHttpRequestHandler]
2019/01/17 10:30:12 : INFO [org.springframework.web.servlet.handler.AbstractUrlHandlerMapping.registerHandler(AbstractUrlHandlerMapping.java:362)] Mapped URL path [/**/favicon.ico] onto handler of type [class org.springframework.web.servlet.resource.ResourceHttpRequestHandler]
2019/01/17 10:30:12 : INFO [org.springframework.jmx.export.MBeanExporter.afterSingletonsInstantiated(MBeanExporter.java:431)] Registering beans for JMX exposure on startup
2019/01/17 10:30:12 : INFO [org.springframework.jmx.export.MBeanExporter.autodetect(MBeanExporter.java:916)] Bean with name 'dataSource' has been autodetected for JMX exposure
2019/01/17 10:30:12 : INFO [org.springframework.jmx.export.MBeanExporter.registerBeanInstance(MBeanExporter.java:671)] Located MBean 'dataSource': registering with JMX server as MBean [com.alibaba.druid.pool:name=dataSource,type=DruidDataSource]
2019/01/17 10:30:13 : INFO [org.springframework.boot.context.embedded.tomcat.TomcatEmbeddedServletContainer.start(TomcatEmbeddedServletContainer.java:198)] Tomcat started on port(s): 8080 (http)
2019/01/17 10:30:13 : INFO [org.springframework.boot.StartupInfoLogger.logStarted(StartupInfoLogger.java:57)] Started ProcessApplication in 5.662 seconds (JVM running for 6.11)
2019/01/17 10:30:18 : INFO [org.springframework.context.support.AbstractApplicationContext.doClose(AbstractApplicationContext.java:987)] Closing org.springframework.boot.context.embedded.AnnotationConfigEmbeddedWebApplicationContext@579bb367: startup date [Thu Jan 17 10:30:07 CST 2019]; root of context hierarchy
2019/01/17 10:30:18 : INFO [org.springframework.jmx.export.MBeanExporter.destroy(MBeanExporter.java:449)] Unregistering JMX-exposed beans on shutdown
2019/01/17 10:30:18 : INFO [org.springframework.jmx.support.MBeanRegistrationSupport.unregisterBeans(MBeanRegistrationSupport.java:241)] Unregistering JMX-exposed beans
2019/01/17 10:30:18 : INFO [org.springframework.scheduling.concurrent.ExecutorConfigurationSupport.shutdown(ExecutorConfigurationSupport.java:203)] Shutting down ExecutorService 'simpleAsync'
2019/01/17 10:30:44 : INFO [org.springframework.boot.StartupInfoLogger.logStarting(StartupInfoLogger.java:48)] Starting ProcessApplication v0.0.1-SNAPSHOT on ZZS20170222I with PID 9276 (E:\bqclientzx\process\target\process-0.0.1-SNAPSHOT.jar started by Administrator in E:\bqclientzx\process\target)
2019/01/17 10:30:44 : INFO [org.springframework.boot.SpringApplication.logStartupProfileInfo(SpringApplication.java:637)] No active profile set, falling back to default profiles: default
2019/01/17 10:30:44 : INFO [org.springframework.context.support.AbstractApplicationContext.prepareRefresh(AbstractApplicationContext.java:582)] Refreshing org.springframework.boot.context.embedded.AnnotationConfigEmbeddedWebApplicationContext@579bb367: startup date [Thu Jan 17 10:30:44 CST 2019]; root of context hierarchy
2019/01/17 10:30:44 : INFO [org.hibernate.validator.internal.util.Version.<clinit>(Version.java:30)] HV000001: Hibernate Validator 5.3.4.Final
2019/01/17 10:30:45 : WARN [tk.mybatis.spring.mapper.ClassPathMapperScanner.doScan(ClassPathMapperScanner.java:142)] No MyBatis mapper was found in '[com.esa2000.process]' package. Please check your configuration.
2019/01/17 10:30:45 : WARN [org.mybatis.spring.mapper.ClassPathMapperScanner.doScan(ClassPathMapperScanner.java:166)] No MyBatis mapper was found in '[com.esa2000.process]' package. Please check your configuration.
2019/01/17 10:30:45 : WARN [org.springframework.context.annotation.ConfigurationClassPostProcessor.enhanceConfigurationClasses(ConfigurationClassPostProcessor.java:373)] Cannot enhance @Configuration bean definition 'myBatisMapperScannerConfig' since its singleton instance has been created too early. The typical cause is a non-static @Bean method with a BeanDefinitionRegistryPostProcessor return type: Consider declaring such methods as 'static'.
2019/01/17 10:30:45 : INFO [org.springframework.context.support.PostProcessorRegistrationDelegate$BeanPostProcessorChecker.postProcessAfterInitialization(PostProcessorRegistrationDelegate.java:325)] Bean 'org.springframework.transaction.annotation.ProxyTransactionManagementConfiguration' of type [org.springframework.transaction.annotation.ProxyTransactionManagementConfiguration$$EnhancerBySpringCGLIB$$4865e9bb] is not eligible for getting processed by all BeanPostProcessors (for example: not eligible for auto-proxying)
2019/01/17 10:30:46 : INFO [org.springframework.boot.context.embedded.tomcat.TomcatEmbeddedServletContainer.initialize(TomcatEmbeddedServletContainer.java:89)] Tomcat initialized with port(s): 8080 (http)
2019/01/17 10:30:46 : INFO [org.springframework.boot.context.embedded.EmbeddedWebApplicationContext.prepareEmbeddedWebApplicationContext(EmbeddedWebApplicationContext.java:276)] Root WebApplicationContext: initialization completed in 2161 ms
2019/01/17 10:30:46 : INFO [org.springframework.boot.web.servlet.ServletRegistrationBean.onStartup(ServletRegistrationBean.java:190)] Mapping servlet: 'dispatcherServlet' to [/]
2019/01/17 10:30:46 : INFO [org.springframework.boot.web.servlet.AbstractFilterRegistrationBean.configure(AbstractFilterRegistrationBean.java:258)] Mapping filter: 'characterEncodingFilter' to: [/*]
2019/01/17 10:30:46 : INFO [org.springframework.boot.web.servlet.AbstractFilterRegistrationBean.configure(AbstractFilterRegistrationBean.java:258)] Mapping filter: 'hiddenHttpMethodFilter' to: [/*]
2019/01/17 10:30:46 : INFO [org.springframework.boot.web.servlet.AbstractFilterRegistrationBean.configure(AbstractFilterRegistrationBean.java:258)] Mapping filter: 'httpPutFormContentFilter' to: [/*]
2019/01/17 10:30:46 : INFO [org.springframework.boot.web.servlet.AbstractFilterRegistrationBean.configure(AbstractFilterRegistrationBean.java:258)] Mapping filter: 'requestContextFilter' to: [/*]
2019/01/17 10:30:48 : INFO [com.esa2000.process.util.securityCert.SignCertSource.<init>(SignCertSource.java:40)] 加载证书成功！
2019/01/17 10:30:48 : INFO [org.springframework.scheduling.concurrent.ExecutorConfigurationSupport.initialize(ExecutorConfigurationSupport.java:165)] Initializing ExecutorService 
2019/01/17 10:30:48 : INFO [org.springframework.scheduling.concurrent.ExecutorConfigurationSupport.initialize(ExecutorConfigurationSupport.java:165)] Initializing ExecutorService  'simpleAsync'
2019/01/17 10:30:48 : INFO [org.springframework.web.servlet.mvc.method.annotation.RequestMappingHandlerAdapter.initControllerAdviceCache(RequestMappingHandlerAdapter.java:534)] Looking for @ControllerAdvice: org.springframework.boot.context.embedded.AnnotationConfigEmbeddedWebApplicationContext@579bb367: startup date [Thu Jan 17 10:30:44 CST 2019]; root of context hierarchy
2019/01/17 10:30:49 : INFO [org.springframework.web.servlet.handler.AbstractHandlerMethodMapping$MappingRegistry.register(AbstractHandlerMethodMapping.java:543)] Mapped "{[/error]}" onto public org.springframework.http.ResponseEntity<java.util.Map<java.lang.String, java.lang.Object>> org.springframework.boot.autoconfigure.web.BasicErrorController.error(javax.servlet.http.HttpServletRequest)
2019/01/17 10:30:49 : INFO [org.springframework.web.servlet.handler.AbstractHandlerMethodMapping$MappingRegistry.register(AbstractHandlerMethodMapping.java:543)] Mapped "{[/error],produces=[text/html]}" onto public org.springframework.web.servlet.ModelAndView org.springframework.boot.autoconfigure.web.BasicErrorController.errorHtml(javax.servlet.http.HttpServletRequest,javax.servlet.http.HttpServletResponse)
2019/01/17 10:30:49 : INFO [org.springframework.web.servlet.handler.AbstractUrlHandlerMapping.registerHandler(AbstractUrlHandlerMapping.java:362)] Mapped URL path [/webjars/**] onto handler of type [class org.springframework.web.servlet.resource.ResourceHttpRequestHandler]
2019/01/17 10:30:49 : INFO [org.springframework.web.servlet.handler.AbstractUrlHandlerMapping.registerHandler(AbstractUrlHandlerMapping.java:362)] Mapped URL path [/**] onto handler of type [class org.springframework.web.servlet.resource.ResourceHttpRequestHandler]
2019/01/17 10:30:49 : INFO [org.springframework.web.servlet.handler.AbstractUrlHandlerMapping.registerHandler(AbstractUrlHandlerMapping.java:362)] Mapped URL path [/**/favicon.ico] onto handler of type [class org.springframework.web.servlet.resource.ResourceHttpRequestHandler]
2019/01/17 10:30:49 : INFO [org.springframework.jmx.export.MBeanExporter.afterSingletonsInstantiated(MBeanExporter.java:431)] Registering beans for JMX exposure on startup
2019/01/17 10:30:49 : INFO [org.springframework.jmx.export.MBeanExporter.autodetect(MBeanExporter.java:916)] Bean with name 'dataSource' has been autodetected for JMX exposure
2019/01/17 10:30:49 : INFO [org.springframework.jmx.export.MBeanExporter.registerBeanInstance(MBeanExporter.java:671)] Located MBean 'dataSource': registering with JMX server as MBean [com.alibaba.druid.pool:name=dataSource,type=DruidDataSource]
2019/01/17 10:30:49 : INFO [org.springframework.boot.context.embedded.tomcat.TomcatEmbeddedServletContainer.start(TomcatEmbeddedServletContainer.java:198)] Tomcat started on port(s): 8080 (http)
2019/01/17 10:30:49 : INFO [org.springframework.boot.StartupInfoLogger.logStarted(StartupInfoLogger.java:57)] Started ProcessApplication in 5.564 seconds (JVM running for 6.012)
2019/01/17 10:30:54 : INFO [org.springframework.context.support.AbstractApplicationContext.doClose(AbstractApplicationContext.java:987)] Closing org.springframework.boot.context.embedded.AnnotationConfigEmbeddedWebApplicationContext@579bb367: startup date [Thu Jan 17 10:30:44 CST 2019]; root of context hierarchy
2019/01/17 10:30:54 : INFO [org.springframework.jmx.export.MBeanExporter.destroy(MBeanExporter.java:449)] Unregistering JMX-exposed beans on shutdown
2019/01/17 10:30:54 : INFO [org.springframework.jmx.support.MBeanRegistrationSupport.unregisterBeans(MBeanRegistrationSupport.java:241)] Unregistering JMX-exposed beans
2019/01/17 10:30:54 : INFO [org.springframework.scheduling.concurrent.ExecutorConfigurationSupport.shutdown(ExecutorConfigurationSupport.java:203)] Shutting down ExecutorService 'simpleAsync'
